=================================================================
==1588==ERROR: AddressSanitizer: heap-buffer-overflow on address 0x60600001feb2 at pc 0x561e8085298d bp 0x7fff57f26cf0 sp 0x7fff57f26ce8
WRITE of size 1 at 0x60600001feb2 thread T0
    #0 0x561e8085298c in tests_lentos /mnt/c/Users/Tomas/Tomas/Univesity/PSS 2022/PSS-2022/T2v2/test-elim.c:171
    #1 0x561e808540ff in main /mnt/c/Users/Tomas/Tomas/Univesity/PSS 2022/PSS-2022/T2v2/test-elim.c:300
    #2 0x7f626d713d09 in __libc_start_main ../csu/libc-start.c:308
    #3 0x561e808502c9 in _start (/mnt/c/Users/Tomas/Tomas/Univesity/PSS 2022/PSS-2022/T2v2/elim.bin-san+0x92c9)

0x60600001feb2 is located 0 bytes to the right of 50-byte region [0x60600001fe80,0x60600001feb2)
allocated by thread T0 here:
    #0 0x7f626e2c5e8f in __interceptor_malloc ../../../../src/libsanitizer/asan/asan_malloc_linux.cpp:145
    #1 0x561e80850927 in eliminacion_espacios /mnt/c/Users/Tomas/Tomas/Univesity/PSS 2022/PSS-2022/T2v2/elim.c:42
    #2 0x561e80852684 in tests_lentos /mnt/c/Users/Tomas/Tomas/Univesity/PSS 2022/PSS-2022/T2v2/test-elim.c:149
    #3 0x561e808540ff in main /mnt/c/Users/Tomas/Tomas/Univesity/PSS 2022/PSS-2022/T2v2/test-elim.c:300
    #4 0x7f626d713d09 in __libc_start_main ../csu/libc-start.c:308

SUMMARY: AddressSanitizer: heap-buffer-overflow /mnt/c/Users/Tomas/Tomas/Univesity/PSS 2022/PSS-2022/T2v2/test-elim.c:171 in tests_lentos
Shadow bytes around the buggy address:
  0x0c0c7fffbf80: 00 00 02 fa fa fa fa fa 00 00 00 00 00 00 02 fa
  0x0c0c7fffbf90: fa fa fa fa 00 00 00 00 00 00 02 fa fa fa fa fa
  0x0c0c7fffbfa0: 00 00 00 00 00 00 02 fa fa fa fa fa 00 00 00 00
  0x0c0c7fffbfb0: 00 00 02 fa fa fa fa fa 00 00 00 00 00 00 02 fa
  0x0c0c7fffbfc0: fa fa fa fa 00 00 00 00 00 00 02 fa fa fa fa fa
=>0x0c0c7fffbfd0: 00 00 00 00 00 00[02]fa fa fa fa fa fa fa fa fa
  0x0c0c7fffbfe0: fa fa fa fa fa fa fa fa fa fa fa fa fa fa fa fa
  0x0c0c7fffbff0: fa fa fa fa fa fa fa fa fa fa fa fa fa fa fa fa
  0x0c0c7fffc000: 00 00 00 00 00 00 02 fa fa fa fa fa 00 00 00 00
  0x0c0c7fffc010: 00 00 02 fa fa fa fa fa 00 00 00 00 00 00 02 fa
  0x0c0c7fffc020: fa fa fa fa 00 00 00 00 00 00 02 fa fa fa fa fa
Shadow byte legend (one shadow byte represents 8 application bytes):
  Addressable:           00
  Partially addressable: 01 02 03 04 05 06 07 
  Heap left redzone:       fa
  Freed heap region:       fd
  Stack left redzone:      f1
  Stack mid redzone:       f2
  Stack right redzone:     f3
  Stack after return:      f5
  Stack use after scope:   f8
  Global redzone:          f9
  Global init order:       f6
  Poisoned by user:        f7
  Container overflow:      fc
  Array cookie:            ac
  Intra object redzone:    bb
  ASan internal:           fe
  Left alloca redzone:     ca
  Right alloca redzone:    cb
  Shadow gap:              cc
==1588==ABORTING
